mark@@create
ream@@create
mark@@send@@ream@@yooo
ream@@notif
ream@@send@@mark@@hihihiii
mark@@notif
ream@@send@@mark@@testing
ream@@send@@mark@@whyyy not
mark@@notif
mark@@send@@mark@@yoo
mark@@notif
mark@@notif
mark@@send@@mark@@hello?
mark@@notif
ream@@send@@mark@@test
mark@@notif
ream@@send@@mark@@boooo
mark@@notif
ream@@send@@mark@@why
mark@@notif
ream@@send@@mark@@hmmmm
ream@@send@@mark@@shouts
mark@@notif
mark@@notif
ream@@send@@mark@@hide
mark@@notif
ream@@send@@mark@@seek
mark@@notif
ream@@send@@mark@@im worried
mark@@notif
ream@@send@@mark@@realllyyy
mark@@notif
